This is pdfTeX, Version 3.1415926-2.3-1.40.12 (MiKTeX 2.9) (preloaded format=pdflatex 2014.5.5)  10 APR 2016 19:06
entering extended mode
**Intro*MANOVA*and*CVMANOVA*-*Copy.tex

("C:\Users\Hao\Dropbox\NewtermPHD\TERM2\SS9833B Analysis of brain imaging data\
Report\CS9869b_simulation\CliffordReport\Intro MANOVA and CVMANOVA - Copy.tex"
LaTeX2e <2011/06/27>
Babel <v3.8m> and hyphenation patterns for loaded.

(C:\CTEX\MiKTeX\tex\latex\base\article.cls
Document Class: article 2007/10/19 v1.4h Standard LaTeX document class
(C:\CTEX\MiKTeX\tex\latex\base\size10.clo
File: size10.clo 2007/10/19 v1.4h Standard LaTeX file (size option)
)
\c@part=\count79
\c@section=\count80
\c@subsection=\count81
\c@subsubsection=\count82
\c@paragraph=\count83
\c@subparagraph=\count84
\c@figure=\count85
\c@table=\count86
\abovecaptionskip=\skip41
\belowcaptionskip=\skip42
\bibindent=\dimen102
) (C:\CTEX\MiKTeX\tex\latex\graphics\graphicx.sty
Package: graphicx 1999/02/16 v1.0f Enhanced LaTeX Graphics (DPC,SPQR)
(C:\CTEX\MiKTeX\tex\latex\graphics\keyval.sty
Package: keyval 1999/03/16 v1.13 key=value parser (DPC)
\KV@toks@=\toks14
) (C:\CTEX\MiKTeX\tex\latex\graphics\graphics.sty
Package: graphics 2009/02/05 v1.0o Standard LaTeX Graphics (DPC,SPQR)
(C:\CTEX\MiKTeX\tex\latex\graphics\trig.sty
Package: trig 1999/03/16 v1.09 sin cos tan (DPC)
) (C:\CTEX\MiKTeX\tex\latex\00miktex\graphics.cfg
File: graphics.cfg 2007/01/18 v1.5 graphics configuration of teTeX/TeXLive
)
Package graphics Info: Driver file: pdftex.def on input line 91.
(C:\CTEX\MiKTeX\tex\latex\pdftex-def\pdftex.def
File: pdftex.def 2011/05/27 v0.06d Graphics/color for pdfTeX
(C:\CTEX\MiKTeX\tex\generic\oberdiek\infwarerr.sty
Package: infwarerr 2010/04/08 v1.3 Providing info/warning/message (HO)
) (C:\CTEX\MiKTeX\tex\generic\oberdiek\ltxcmds.sty
Package: ltxcmds 2011/04/18 v1.20 LaTeX kernel commands for general use (HO)
)
\Gread@gobject=\count87
))
\Gin@req@height=\dimen103
\Gin@req@width=\dimen104
) (C:\CTEX\MiKTeX\tex\latex\graphics\color.sty
Package: color 2005/11/14 v1.0j Standard LaTeX Color (DPC)
(C:\CTEX\MiKTeX\tex\latex\00miktex\color.cfg
File: color.cfg 2007/01/18 v1.5 color configuration of teTeX/TeXLive
)
Package color Info: Driver file: pdftex.def on input line 130.
) (C:\CTEX\UserData\tex\latex\framed\framed.sty
Package: framed 2011/10/22 v 0.96: framed or shaded text with page breaks
\OuterFrameSep=\skip43
\fb@frw=\dimen105
\fb@frh=\dimen106
\FrameRule=\dimen107
\FrameSep=\dimen108
) (C:\CTEX\MiKTeX\tex\latex\base\alltt.sty
Package: alltt 1997/06/16 v2.0g defines alltt environment
) (C:\CTEX\MiKTeX\tex\latex\ae\ae.sty
Package: ae 2001/02/12 1.3 Almost European Computer Modern
(C:\CTEX\MiKTeX\tex\latex\base\fontenc.sty
Package: fontenc 2005/09/27 v1.99g Standard LaTeX package
(C:\CTEX\MiKTeX\tex\latex\base\t1enc.def
File: t1enc.def 2005/09/27 v1.99g Standard LaTeX file
LaTeX Font Info:    Redeclaring font encoding T1 on input line 43.
)
LaTeX Font Info:    Try loading font information for T1+aer on input line 100.
(C:\CTEX\MiKTeX\tex\latex\ae\t1aer.fd
File: t1aer.fd 1997/11/16 Font definitions for T1/aer.
))) (C:\CTEX\MiKTeX\tex\latex\ae\aecompl.sty
Package: aecompl 1998/07/23 0.9 T1 Complements for AE fonts (D. Roegel)
) (C:\CTEX\MiKTeX\tex\latex\base\fontenc.sty
Package: fontenc 2005/09/27 v1.99g Standard LaTeX package
(C:\CTEX\MiKTeX\tex\latex\base\t1enc.def
File: t1enc.def 2005/09/27 v1.99g Standard LaTeX file
LaTeX Font Info:    Redeclaring font encoding T1 on input line 43.
)) (C:\CTEX\MiKTeX\tex\latex\base\inputenc.sty
Package: inputenc 2008/03/30 v1.1d Input encoding file
\inpenc@prehook=\toks15
\inpenc@posthook=\toks16
(C:\CTEX\MiKTeX\tex\latex\base\latin9.def
File: latin9.def 2008/03/30 v1.1d Input encoding file
)) (C:\CTEX\MiKTeX\tex\latex\geometry\geometry.sty
Package: geometry 2010/09/12 v5.6 Page Geometry
(C:\CTEX\MiKTeX\tex\generic\oberdiek\ifpdf.sty
Package: ifpdf 2011/01/30 v2.3 Provides the ifpdf switch (HO)
Package ifpdf Info: pdfTeX in PDF mode is detected.
) (C:\CTEX\MiKTeX\tex\generic\oberdiek\ifvtex.sty
Package: ifvtex 2010/03/01 v1.5 Switches for detecting VTeX and its modes (HO)
Package ifvtex Info: VTeX not detected.
) (C:\CTEX\MiKTeX\tex\generic\ifxetex\ifxetex.sty
Package: ifxetex 2010/09/12 v0.6 Provides ifxetex conditional
)
\Gm@cnth=\count88
\Gm@cntv=\count89
\c@Gm@tempcnt=\count90
\Gm@bindingoffset=\dimen109
\Gm@wd@mp=\dimen110
\Gm@odd@mp=\dimen111
\Gm@even@mp=\dimen112
\Gm@layoutwidth=\dimen113
\Gm@layoutheight=\dimen114
\Gm@layouthoffset=\dimen115
\Gm@layoutvoffset=\dimen116
\Gm@dimlist=\toks17
(C:\CTEX\MiKTeX\tex\latex\geometry\geometry.cfg)) (C:\CTEX\MiKTeX\tex\generic\b
abel\babel.sty
Package: babel 2008/07/08 v3.8m The Babel package
*************************************
* Local config file bblopts.cfg used
*
(C:\CTEX\UserData\tex\latex\arabi\bblopts.cfg
File: bblopts.cfg 2005/09/08 v0.1 add Arabic and Farsi to "declared" options of
 babel
) (C:\CTEX\MiKTeX\tex\latex\babel-english\english.ldf
Language: english 2012/08/20 v3.3p English support from the babel system
(C:\CTEX\MiKTeX\tex\generic\babel\babel.def
File: babel.def 2008/07/08 v3.8m Babel common definitions
\babel@savecnt=\count91
\U@D=\dimen117
)
\l@british = a dialect from \language0
\l@UKenglish = a dialect from \language0
\l@american = a dialect from \language0
\l@canadian = a dialect from \language\l@american 
\l@australian = a dialect from \language\l@british 
\l@newzealand = a dialect from \language\l@british 
)) (C:\CTEX\MiKTeX\tex\latex\float\float.sty
Package: float 2001/11/08 v1.3d Float enhancements (AL)
\c@float@type=\count92
\float@exts=\toks18
\float@box=\box26
\@float@everytoks=\toks19
\@floatcapt=\box27
) (C:\CTEX\MiKTeX\tex\latex\ltxmisc\url.sty
\Urlmuskip=\muskip10
Package: url 2006/04/12  ver 3.3  Verb mode for urls, etc.
) (C:\CTEX\UserData\tex\latex\amsmath\amsmath.sty
Package: amsmath 2013/01/14 v2.14 AMS math features
\@mathmargin=\skip44
For additional information on amsmath, use the `?' option.
(C:\CTEX\UserData\tex\latex\amsmath\amstext.sty
Package: amstext 2000/06/29 v2.01
(C:\CTEX\UserData\tex\latex\amsmath\amsgen.sty
File: amsgen.sty 1999/11/30 v2.0
\@emptytoks=\toks20
\ex@=\dimen118
)) (C:\CTEX\UserData\tex\latex\amsmath\amsbsy.sty
Package: amsbsy 1999/11/29 v1.2d
\pmbraise@=\dimen119
) (C:\CTEX\UserData\tex\latex\amsmath\amsopn.sty
Package: amsopn 1999/12/14 v2.01 operator names
)
\inf@bad=\count93
LaTeX Info: Redefining \frac on input line 210.
\uproot@=\count94
\leftroot@=\count95
LaTeX Info: Redefining \overline on input line 306.
\classnum@=\count96
\DOTSCASE@=\count97
LaTeX Info: Redefining \ldots on input line 378.
LaTeX Info: Redefining \dots on input line 381.
LaTeX Info: Redefining \cdots on input line 466.
\Mathstrutbox@=\box28
\strutbox@=\box29
\big@size=\dimen120
LaTeX Font Info:    Redeclaring font encoding OML on input line 566.
LaTeX Font Info:    Redeclaring font encoding OMS on input line 567.
\macc@depth=\count98
\c@MaxMatrixCols=\count99
\dotsspace@=\muskip11
\c@parentequation=\count100
\dspbrk@lvl=\count101
\tag@help=\toks21
\row@=\count102
\column@=\count103
\maxfields@=\count104
\andhelp@=\toks22
\eqnshift@=\dimen121
\alignsep@=\dimen122
\tagshift@=\dimen123
\tagwidth@=\dimen124
\totwidth@=\dimen125
\lineht@=\dimen126
\@envbody=\toks23
\multlinegap=\skip45
\multlinetaggap=\skip46
\mathdisplay@stack=\toks24
LaTeX Info: Redefining \[ on input line 2665.
LaTeX Info: Redefining \] on input line 2666.
) (C:\CTEX\MiKTeX\tex\latex\base\fixltx2e.sty
Package: fixltx2e 2006/09/13 v1.1m fixes to LaTeX
LaTeX Info: Redefining \em on input line 420.
LaTeX Info: The control sequence `\[' is already robust on input line 471.
LaTeX Info: The control sequence `\]' is already robust on input line 472.
) (C:\CTEX\MiKTeX\tex\latex\hyperref\hyperref.sty
Package: hyperref 2012/02/06 v6.82o Hypertext links for LaTeX
(C:\CTEX\MiKTeX\tex\generic\oberdiek\hobsub-hyperref.sty
Package: hobsub-hyperref 2011/04/23 v1.4 Bundle oberdiek, subset hyperref (HO)
(C:\CTEX\MiKTeX\tex\generic\oberdiek\hobsub-generic.sty
Package: hobsub-generic 2011/04/23 v1.4 Bundle oberdiek, subset generic (HO)
Package: hobsub 2011/04/23 v1.4 Subsetting bundle oberdiek (HO)
Package hobsub Info: Skipping package `infwarerr' (already loaded).
Package hobsub Info: Skipping package `ltxcmds' (already loaded).
Package: ifluatex 2010/03/01 v1.3 Provides the ifluatex switch (HO)
Package ifluatex Info: LuaTeX not detected.
Package hobsub Info: Skipping package `ifvtex' (already loaded).
Package: intcalc 2007/09/27 v1.1 Expandable integer calculations (HO)
Package hobsub Info: Skipping package `ifpdf' (already loaded).
Package: etexcmds 2011/02/16 v1.5 Prefix for e-TeX command names (HO)
Package etexcmds Info: Could not find \expanded.
(etexcmds)             That can mean that you are not using pdfTeX 1.50 or
(etexcmds)             that some package has redefined \expanded.
(etexcmds)             In the latter case, load this package earlier.
Package: kvsetkeys 2011/04/07 v1.13 Key value parser (HO)
Package: kvdefinekeys 2011/04/07 v1.3 Defining keys (HO)
Package: pdftexcmds 2011/04/22 v0.16 Utilities of pdfTeX for LuaTeX (HO)
Package pdftexcmds Info: LuaTeX not detected.
Package pdftexcmds Info: \pdf@primitive is available.
Package pdftexcmds Info: \pdf@ifprimitive is available.
Package pdftexcmds Info: \pdfdraftmode found.
Package: pdfescape 2011/04/04 v1.12 Provides string conversions (HO)
Package: bigintcalc 2011/01/30 v1.2 Expandable big integer calculations (HO)
Package: bitset 2011/01/30 v1.1 Data type bit set (HO)
Package: uniquecounter 2011/01/30 v1.2 Provides unlimited unique counter (HO)
)
Package hobsub Info: Skipping package `hobsub' (already loaded).
Package: letltxmacro 2010/09/02 v1.4 Let assignment for LaTeX macros (HO)
Package: hopatch 2011/01/30 v1.0 Wrapper for package hooks (HO)
Package: xcolor-patch 2011/01/30 xcolor patch
Package: atveryend 2011/04/23 v1.7 Hooks at very end of document (HO)
Package: atbegshi 2011/01/30 v1.15 At begin shipout hook (HO)
Package: refcount 2010/12/01 v3.2 Data extraction from references (HO)
Package: hycolor 2011/01/30 v1.7 Color options of hyperref/bookmark (HO)
) (C:\CTEX\MiKTeX\tex\latex\oberdiek\kvoptions.sty
Package: kvoptions 2010/12/23 v3.10 Keyval support for LaTeX options (HO)
)
\@linkdim=\dimen127
\Hy@linkcounter=\count105
\Hy@pagecounter=\count106
(C:\CTEX\MiKTeX\tex\latex\hyperref\pd1enc.def
File: pd1enc.def 2012/02/06 v6.82o Hyperref: PDFDocEncoding definition (HO)
)
\Hy@SavedSpaceFactor=\count107
(C:\CTEX\MiKTeX\tex\latex\00miktex\hyperref.cfg
File: hyperref.cfg 2002/06/06 v1.2 hyperref configuration of TeXLive
)
Package hyperref Info: Option `unicode' set `true' on input line 3925.
(C:\CTEX\MiKTeX\tex\latex\hyperref\puenc.def
File: puenc.def 2012/02/06 v6.82o Hyperref: PDF Unicode definition (HO)
)
Package hyperref Info: Option `pdfusetitle' set `true' on input line 3925.
Package hyperref Info: Option `bookmarks' set `false' on input line 3925.
Package hyperref Info: Option `breaklinks' set `true' on input line 3925.
Package hyperref Info: Option `colorlinks' set `true' on input line 3925.
Package hyperref Info: Hyper figures OFF on input line 4046.
Package hyperref Info: Link nesting OFF on input line 4051.
Package hyperref Info: Hyper index ON on input line 4054.
Package hyperref Info: Plain pages OFF on input line 4061.
Package hyperref Info: Backreferencing OFF on input line 4066.
Package hyperref Info: Implicit mode ON; LaTeX internals redefined.
Package hyperref Info: Bookmarks OFF on input line 4290.
\c@Hy@tempcnt=\count108
LaTeX Info: Redefining \url on input line 4637.
\Fld@menulength=\count109
\Field@Width=\dimen128
\Fld@charsize=\dimen129
Package hyperref Info: Hyper figures OFF on input line 5757.
Package hyperref Info: Link nesting OFF on input line 5762.
Package hyperref Info: Hyper index ON on input line 5765.
Package hyperref Info: backreferencing OFF on input line 5772.
Package hyperref Info: Link coloring ON on input line 5775.
Package hyperref Info: Link coloring with OCG OFF on input line 5782.
Package hyperref Info: PDF/A mode OFF on input line 5787.
LaTeX Info: Redefining \ref on input line 5827.
LaTeX Info: Redefining \pageref on input line 5831.
\Hy@abspage=\count110
\c@Item=\count111
\c@Hfootnote=\count112
)

Package hyperref Message: Driver (autodetected): hpdftex.

(C:\CTEX\MiKTeX\tex\latex\hyperref\hpdftex.def
File: hpdftex.def 2012/02/06 v6.82o Hyperref driver for pdfTeX
\Fld@listcount=\count113
\c@bookmark@seq@number=\count114
(C:\CTEX\MiKTeX\tex\latex\oberdiek\rerunfilecheck.sty
Package: rerunfilecheck 2011/04/15 v1.7 Rerun checks for auxiliary files (HO)
Package uniquecounter Info: New unique counter `rerunfilecheck' on input line 2
82.
)
\Hy@SectionHShift=\skip47
) (C:\CTEX\UserData\tex\latex\enumitem\enumitem.sty
Package: enumitem 2011/09/28 v3.5.2 Customized lists
\labelindent=\skip48
\enit@outerparindent=\dimen130
\enit@toks=\toks25
\enit@inbox=\box30
\enitdp@description=\count115
)
\lyxlabelwidth=\skip49
(C:\CTEX\UserData\tex\latex\subfig\subfig.sty
Package: subfig 2005/06/28 ver: 1.3 subfig package
(C:\CTEX\UserData\tex\latex\caption\caption.sty
Package: caption 2013/05/02 v3.3-89 Customizing captions (AR)
(C:\CTEX\UserData\tex\latex\caption\caption3.sty
Package: caption3 2013/05/02 v1.6-88 caption3 kernel (AR)
Package caption3 Info: TeX engine: e-TeX on input line 57.
\captionmargin=\dimen131
\captionmargin@=\dimen132
\captionwidth=\dimen133
\caption@tempdima=\dimen134
\caption@indent=\dimen135
\caption@parindent=\dimen136
\caption@hangindent=\dimen137
)
\c@ContinuedFloat=\count116
Package caption Info: float package is loaded.
Package caption Info: hyperref package is loaded.
)
\c@KVtest=\count117
\sf@farskip=\skip50
\sf@captopadj=\dimen138
\sf@capskip=\skip51
\sf@nearskip=\skip52
\c@subfigure=\count118
\c@subfigure@save=\count119
\c@lofdepth=\count120
\c@subtable=\count121
\c@subtable@save=\count122
\c@lotdepth=\count123
\sf@top=\skip53
\sf@bottom=\skip54
) (C:\CTEX\UserData\tex\latex\upquote\upquote.sty
Package: upquote 2012/04/19 v1.3 upright-quote and grave-accent glyphs in verba
tim
(C:\CTEX\MiKTeX\tex\latex\base\textcomp.sty
Package: textcomp 2005/09/27 v1.99g Standard LaTeX package
Package textcomp Info: Sub-encoding information:
(textcomp)               5 = only ISO-Adobe without \textcurrency
(textcomp)               4 = 5 + \texteuro
(textcomp)               3 = 4 + \textohm
(textcomp)               2 = 3 + \textestimated + \textcurrency
(textcomp)               1 = TS1 - \textcircled - \t
(textcomp)               0 = TS1 (full)
(textcomp)             Font families with sub-encoding setting implement
(textcomp)             only a restricted character set as indicated.
(textcomp)             Family '?' is the default used for unknown fonts.
(textcomp)             See the documentation for details.
Package textcomp Info: Setting ? sub-encoding to TS1/1 on input line 71.
(C:\CTEX\MiKTeX\tex\latex\base\ts1enc.def
File: ts1enc.def 2001/06/05 v3.0e (jk/car/fm) Standard LaTeX file
)
LaTeX Info: Redefining \oldstylenums on input line 266.
Package textcomp Info: Setting cmr sub-encoding to TS1/0 on input line 281.
Package textcomp Info: Setting cmss sub-encoding to TS1/0 on input line 282.
Package textcomp Info: Setting cmtt sub-encoding to TS1/0 on input line 283.
Package textcomp Info: Setting cmvtt sub-encoding to TS1/0 on input line 284.
Package textcomp Info: Setting cmbr sub-encoding to TS1/0 on input line 285.
Package textcomp Info: Setting cmtl sub-encoding to TS1/0 on input line 286.
Package textcomp Info: Setting ccr sub-encoding to TS1/0 on input line 287.
Package textcomp Info: Setting ptm sub-encoding to TS1/4 on input line 288.
Package textcomp Info: Setting pcr sub-encoding to TS1/4 on input line 289.
Package textcomp Info: Setting phv sub-encoding to TS1/4 on input line 290.
Package textcomp Info: Setting ppl sub-encoding to TS1/3 on input line 291.
Package textcomp Info: Setting pag sub-encoding to TS1/4 on input line 292.
Package textcomp Info: Setting pbk sub-encoding to TS1/4 on input line 293.
Package textcomp Info: Setting pnc sub-encoding to TS1/4 on input line 294.
Package textcomp Info: Setting pzc sub-encoding to TS1/4 on input line 295.
Package textcomp Info: Setting bch sub-encoding to TS1/4 on input line 296.
Package textcomp Info: Setting put sub-encoding to TS1/5 on input line 297.
Package textcomp Info: Setting uag sub-encoding to TS1/5 on input line 298.
Package textcomp Info: Setting ugq sub-encoding to TS1/5 on input line 299.
Package textcomp Info: Setting ul8 sub-encoding to TS1/4 on input line 300.
Package textcomp Info: Setting ul9 sub-encoding to TS1/4 on input line 301.
Package textcomp Info: Setting augie sub-encoding to TS1/5 on input line 302.
Package textcomp Info: Setting dayrom sub-encoding to TS1/3 on input line 303.
Package textcomp Info: Setting dayroms sub-encoding to TS1/3 on input line 304.

Package textcomp Info: Setting pxr sub-encoding to TS1/0 on input line 305.
Package textcomp Info: Setting pxss sub-encoding to TS1/0 on input line 306.
Package textcomp Info: Setting pxtt sub-encoding to TS1/0 on input line 307.
Package textcomp Info: Setting txr sub-encoding to TS1/0 on input line 308.
Package textcomp Info: Setting txss sub-encoding to TS1/0 on input line 309.
Package textcomp Info: Setting txtt sub-encoding to TS1/0 on input line 310.
Package textcomp Info: Setting lmr sub-encoding to TS1/0 on input line 311.
Package textcomp Info: Setting lmdh sub-encoding to TS1/0 on input line 312.
Package textcomp Info: Setting lmss sub-encoding to TS1/0 on input line 313.
Package textcomp Info: Setting lmssq sub-encoding to TS1/0 on input line 314.
Package textcomp Info: Setting lmvtt sub-encoding to TS1/0 on input line 315.
Package textcomp Info: Setting qhv sub-encoding to TS1/0 on input line 316.
Package textcomp Info: Setting qag sub-encoding to TS1/0 on input line 317.
Package textcomp Info: Setting qbk sub-encoding to TS1/0 on input line 318.
Package textcomp Info: Setting qcr sub-encoding to TS1/0 on input line 319.
Package textcomp Info: Setting qcs sub-encoding to TS1/0 on input line 320.
Package textcomp Info: Setting qpl sub-encoding to TS1/0 on input line 321.
Package textcomp Info: Setting qtm sub-encoding to TS1/0 on input line 322.
Package textcomp Info: Setting qzc sub-encoding to TS1/0 on input line 323.
Package textcomp Info: Setting qhvc sub-encoding to TS1/0 on input line 324.
Package textcomp Info: Setting futs sub-encoding to TS1/4 on input line 325.
Package textcomp Info: Setting futx sub-encoding to TS1/4 on input line 326.
Package textcomp Info: Setting futj sub-encoding to TS1/4 on input line 327.
Package textcomp Info: Setting hlh sub-encoding to TS1/3 on input line 328.
Package textcomp Info: Setting hls sub-encoding to TS1/3 on input line 329.
Package textcomp Info: Setting hlst sub-encoding to TS1/3 on input line 330.
Package textcomp Info: Setting hlct sub-encoding to TS1/5 on input line 331.
Package textcomp Info: Setting hlx sub-encoding to TS1/5 on input line 332.
Package textcomp Info: Setting hlce sub-encoding to TS1/5 on input line 333.
Package textcomp Info: Setting hlcn sub-encoding to TS1/5 on input line 334.
Package textcomp Info: Setting hlcw sub-encoding to TS1/5 on input line 335.
Package textcomp Info: Setting hlcf sub-encoding to TS1/5 on input line 336.
Package textcomp Info: Setting pplx sub-encoding to TS1/3 on input line 337.
Package textcomp Info: Setting pplj sub-encoding to TS1/3 on input line 338.
Package textcomp Info: Setting ptmx sub-encoding to TS1/4 on input line 339.
Package textcomp Info: Setting ptmj sub-encoding to TS1/4 on input line 340.
))
("C:\Users\Hao\Dropbox\NewtermPHD\TERM2\SS9833B Analysis of brain imaging data\
Report\CS9869b_simulation\CliffordReport\Intro MANOVA and CVMANOVA - Copy.aux")
LaTeX Font Info:    Checking defaults for OML/cmm/m/it on input line 83.
LaTeX Font Info:    ... okay on input line 83.
LaTeX Font Info:    Checking defaults for T1/cmr/m/n on input line 83.
LaTeX Font Info:    ... okay on input line 83.
LaTeX Font Info:    Checking defaults for OT1/cmr/m/n on input line 83.
LaTeX Font Info:    ... okay on input line 83.
LaTeX Font Info:    Checking defaults for OMS/cmsy/m/n on input line 83.
LaTeX Font Info:    ... okay on input line 83.
LaTeX Font Info:    Checking defaults for OMX/cmex/m/n on input line 83.
LaTeX Font Info:    ... okay on input line 83.
LaTeX Font Info:    Checking defaults for U/cmr/m/n on input line 83.
LaTeX Font Info:    ... okay on input line 83.
LaTeX Font Info:    Checking defaults for PD1/pdf/m/n on input line 83.
LaTeX Font Info:    ... okay on input line 83.
LaTeX Font Info:    Checking defaults for PU/pdf/m/n on input line 83.
LaTeX Font Info:    ... okay on input line 83.
LaTeX Font Info:    Checking defaults for TS1/cmr/m/n on input line 83.
LaTeX Font Info:    Try loading font information for TS1+cmr on input line 83.
(C:\CTEX\MiKTeX\tex\latex\base\ts1cmr.fd
File: ts1cmr.fd 1999/05/25 v2.5h Standard LaTeX font definitions
)
LaTeX Font Info:    ... okay on input line 83.
(C:\CTEX\MiKTeX\tex\context\base\supp-pdf.mkii
[Loading MPS to PDF converter (version 2006.09.02).]
\scratchcounter=\count124
\scratchdimen=\dimen139
\scratchbox=\box31
\nofMPsegments=\count125
\nofMParguments=\count126
\everyMPshowfont=\toks26
\MPscratchCnt=\count127
\MPscratchDim=\dimen140
\MPnumerator=\count128
\makeMPintoPDFobject=\count129
\everyMPtoPDFconversion=\toks27
)
*geometry* driver: auto-detecting
*geometry* detected driver: pdftex

Package geometry Warning: The marginal notes overrun the paper.
     Add 19.0945pt and more to the right margin.

*geometry* verbose mode - [ preamble ] result:
* driver: pdftex
* paper: <default>
* layout: <same size as paper>
* layoutoffset:(h,v)=(0.0pt,0.0pt)
* modes: 
* h-part:(L,W,R)=(56.9055pt, 500.484pt, 56.9055pt)
* v-part:(T,H,B)=(31.2982pt, 701.07582pt, 62.59596pt)
* \paperwidth=614.295pt
* \paperheight=794.96999pt
* \textwidth=500.484pt
* \textheight=701.07582pt
* \oddsidemargin=-15.36449pt
* \evensidemargin=-15.36449pt
* \topmargin=-77.97179pt
* \headheight=12.0pt
* \headsep=25.0pt
* \topskip=10.0pt
* \footskip=30.0pt
* \marginparwidth=65.0pt
* \marginparsep=11.0pt
* \columnsep=10.0pt
* \skip\footins=9.0pt plus 4.0pt minus 2.0pt
* \hoffset=0.0pt
* \voffset=0.0pt
* \mag=1000
* \@twocolumnfalse
* \@twosidefalse
* \@mparswitchfalse
* \@reversemarginfalse
* (1in=72.27pt=25.4mm, 1cm=28.453pt)

\AtBeginShipoutBox=\box32
Package hyperref Info: Link coloring ON on input line 83.
(C:\CTEX\MiKTeX\tex\latex\hyperref\nameref.sty
Package: nameref 2010/04/30 v2.40 Cross-referencing by name of section
(C:\CTEX\MiKTeX\tex\generic\oberdiek\gettitlestring.sty
Package: gettitlestring 2010/12/03 v1.4 Cleanup title references (HO)
)
\c@section@level=\count130
)
LaTeX Info: Redefining \ref on input line 83.
LaTeX Info: Redefining \pageref on input line 83.
LaTeX Info: Redefining \nameref on input line 83.
Package caption Info: Begin \AtBeginDocument code.
Package caption Info: subfig package v1.3 is loaded.
Package caption Info: End \AtBeginDocument code.
LaTeX Font Info:    Try loading font information for TS1+aer on input line 94.
LaTeX Font Info:    No file TS1aer.fd. on input line 94.

LaTeX Font Warning: Font shape `TS1/aer/m/n' undefined
(Font)              using `TS1/cmr/m/n' instead
(Font)              for symbol `textasteriskcentered' on input line 94.

LaTeX Font Info:    Try loading font information for T1+aett on input line 94.
(C:\CTEX\MiKTeX\tex\latex\ae\t1aett.fd
File: t1aett.fd 1997/11/16 Font definitions for T1/aett.
)

Package hyperref Warning: Token not allowed in a PDF string (Unicode):
(hyperref)                removing `\begingroup' on input line 179.


Package hyperref Warning: Token not allowed in a PDF string (Unicode):
(hyperref)                removing `\catcode' on input line 179.


Package hyperref Warning: Token not allowed in a PDF string (Unicode):
(hyperref)                removing `\active' on input line 179.


Package hyperref Warning: Token not allowed in a PDF string (Unicode):
(hyperref)                removing `\<def>-command' on input line 179.


Package hyperref Warning: Token not allowed in a PDF string (Unicode):
(hyperref)                removing `\csname\endcsname' on input line 179.


Package hyperref Warning: Token not allowed in a PDF string (Unicode):
(hyperref)                removing `\catcode' on input line 179.


Package hyperref Warning: Token not allowed in a PDF string (Unicode):
(hyperref)                removing `\active' on input line 179.


Package hyperref Warning: Token not allowed in a PDF string (Unicode):
(hyperref)                removing `\<let>-command' on input line 179.


Package hyperref Warning: Token not allowed in a PDF string (Unicode):
(hyperref)                removing `\csname\endcsname' on input line 179.


Package hyperref Warning: Token not allowed in a PDF string (Unicode):
(hyperref)                removing `\<let>-command' on input line 179.


Package hyperref Warning: Token not allowed in a PDF string (Unicode):
(hyperref)                removing `\%' on input line 179.


Package hyperref Warning: Token not allowed in a PDF string (Unicode):
(hyperref)                removing `\catcode' on input line 179.


Package hyperref Warning: Token not allowed in a PDF string (Unicode):
(hyperref)                removing `\active' on input line 179.


Package hyperref Warning: Token not allowed in a PDF string (Unicode):
(hyperref)                removing `\<def>-command' on input line 179.


Package hyperref Warning: Token not allowed in a PDF string (Unicode):
(hyperref)                removing `\csname\endcsname' on input line 179.


Package hyperref Warning: Token not allowed in a PDF string (Unicode):
(hyperref)                removing `\<def>-command' on input line 179.


Package hyperref Warning: Token not allowed in a PDF string (Unicode):
(hyperref)                removing `\#' on input line 179.


Package hyperref Warning: Token not allowed in a PDF string (Unicode):
(hyperref)                removing `\catcode' on input line 179.


Package hyperref Warning: Token not allowed in a PDF string (Unicode):
(hyperref)                removing `\<def>-command' on input line 179.


Package hyperref Warning: Token not allowed in a PDF string (Unicode):
(hyperref)                removing `\csname\endcsname' on input line 179.


Package hyperref Warning: Token not allowed in a PDF string (Unicode):
(hyperref)                removing `\<def>-command' on input line 179.


Package hyperref Warning: Token not allowed in a PDF string (Unicode):
(hyperref)                removing `\&' on input line 179.


Package hyperref Warning: Token not allowed in a PDF string (Unicode):
(hyperref)                removing `\<def>-command' on input line 179.


Package hyperref Warning: Token not allowed in a PDF string (Unicode):
(hyperref)                removing `\textunderscore' on input line 179.


Package hyperref Warning: Token not allowed in a PDF string (Unicode):
(hyperref)                removing `\<let>-command' on input line 179.


Package hyperref Warning: Token not allowed in a PDF string (Unicode):
(hyperref)                removing `\_' on input line 179.


Package hyperref Warning: Token not allowed in a PDF string (Unicode):
(hyperref)                removing `\catcode' on input line 179.


Package hyperref Warning: Token not allowed in a PDF string (Unicode):
(hyperref)                removing `\active' on input line 179.


Package hyperref Warning: Token not allowed in a PDF string (Unicode):
(hyperref)                removing `\<let>-command' on input line 179.


Package hyperref Warning: Token not allowed in a PDF string (Unicode):
(hyperref)                removing `\csname\endcsname' on input line 179.


Package hyperref Warning: Token not allowed in a PDF string (Unicode):
(hyperref)                removing `\<let>-command' on input line 179.


Package hyperref Warning: Token not allowed in a PDF string (Unicode):
(hyperref)                removing `\csname\endcsname' on input line 179.


Package hyperref Warning: Token not allowed in a PDF string (Unicode):
(hyperref)                removing `\<let>-command' on input line 179.


Package hyperref Warning: Token not allowed in a PDF string (Unicode):
(hyperref)                removing `\~' on input line 179.


Package hyperref Warning: Token not allowed in a PDF string (Unicode):
(hyperref)                removing `\<let>-command' on input line 179.


Package hyperref Warning: Token not allowed in a PDF string (Unicode):
(hyperref)                removing `\textasciitilde' on input line 179.


Package hyperref Warning: Token not allowed in a PDF string (Unicode):
(hyperref)                removing `\<let>-command' on input line 179.


Package hyperref Warning: Token not allowed in a PDF string (Unicode):
(hyperref)                removing `\\' on input line 179.


Package hyperref Warning: Token not allowed in a PDF string (Unicode):
(hyperref)                removing `\<def>-command' on input line 179.


Package hyperref Warning: Token not allowed in a PDF string (Unicode):
(hyperref)                removing `\csname\endcsname' on input line 179.


Package hyperref Warning: Token not allowed in a PDF string (Unicode):
(hyperref)                removing `\<def>-command' on input line 179.


Package hyperref Warning: Token not allowed in a PDF string (Unicode):
(hyperref)                removing `\Hy@tempa' on input line 179.


Package hyperref Warning: Token not allowed in a PDF string (Unicode):
(hyperref)                removing `\<def>-command' on input line 179.


Package hyperref Warning: Token not allowed in a PDF string (Unicode):
(hyperref)                removing `\Hy@tempa' on input line 179.

[1

{C:/CTEX/UserData/pdftex/config/pdftex.map{Unicode.sfd}{UGBK.sfd}}] [2]
<0C__Users_Hao_Dropbox_NewtermPHD_TERM2_SS9833B_Analysis_of_brain_imaging_data_
Report_MANOVA_Sig.png, id=58, 421.575pt x 316.18124pt>
File: 0C__Users_Hao_Dropbox_NewtermPHD_TERM2_SS9833B_Analysis_of_brain_imaging_
data_Report_MANOVA_Sig.png Graphic file (type png)

<use 0C__Users_Hao_Dropbox_NewtermPHD_TERM2_SS9833B_Analysis_of_brain_imaging_d
ata_Report_MANOVA_Sig.png>
Package pdftex.def Info: 0C__Users_Hao_Dropbox_NewtermPHD_TERM2_SS9833B_Analysi
s_of_brain_imaging_data_Report_MANOVA_Sig.png used on input line 288.
(pdftex.def)             Requested size: 231.86696pt x 173.9002pt.

<1C__Users_Hao_Dropbox_NewtermPHD_TERM2_SS9833B____s_of_brain_imaging_data_Repo
rt_MANOVA_Power.png, id=59, 421.575pt x 316.18124pt>
File: 1C__Users_Hao_Dropbox_NewtermPHD_TERM2_SS9833B____s_of_brain_imaging_data
_Report_MANOVA_Power.png Graphic file (type png)

<use 1C__Users_Hao_Dropbox_NewtermPHD_TERM2_SS9833B____s_of_brain_imaging_data_
Report_MANOVA_Power.png>
Package pdftex.def Info: 1C__Users_Hao_Dropbox_NewtermPHD_TERM2_SS9833B____s_of
_brain_imaging_data_Report_MANOVA_Power.png used on input line 288.
(pdftex.def)             Requested size: 231.86696pt x 173.9002pt.

<2C__Users_Hao_Dropbox_NewtermPHD_TERM2_SS9833B____of_brain_imaging_data_Report
_MANOVA_PCA_Sig.png, id=60, 421.575pt x 316.18124pt>
File: 2C__Users_Hao_Dropbox_NewtermPHD_TERM2_SS9833B____of_brain_imaging_data_R
eport_MANOVA_PCA_Sig.png Graphic file (type png)

<use 2C__Users_Hao_Dropbox_NewtermPHD_TERM2_SS9833B____of_brain_imaging_data_Re
port_MANOVA_PCA_Sig.png>
Package pdftex.def Info: 2C__Users_Hao_Dropbox_NewtermPHD_TERM2_SS9833B____of_b
rain_imaging_data_Report_MANOVA_PCA_Sig.png used on input line 301.
(pdftex.def)             Requested size: 231.86696pt x 173.9002pt.

<3C__Users_Hao_Dropbox_NewtermPHD_TERM2_SS9833B_____brain_imaging_data_Report_M
ANOVA_PCA_Power.png, id=61, 421.575pt x 316.18124pt>
File: 3C__Users_Hao_Dropbox_NewtermPHD_TERM2_SS9833B_____brain_imaging_data_Rep
ort_MANOVA_PCA_Power.png Graphic file (type png)

<use 3C__Users_Hao_Dropbox_NewtermPHD_TERM2_SS9833B_____brain_imaging_data_Repo
rt_MANOVA_PCA_Power.png>
Package pdftex.def Info: 3C__Users_Hao_Dropbox_NewtermPHD_TERM2_SS9833B_____bra
in_imaging_data_Report_MANOVA_PCA_Power.png used on input line 301.
(pdftex.def)             Requested size: 231.86696pt x 173.9002pt.
[3 <C:/Users/Hao/Dropbox/NewtermPHD/TERM2/SS9833B Analysis of brain imaging dat
a/Report/CS9869b_simulation/CliffordReport/0C__Users_Hao_Dropbox_NewtermPHD_TER
M2_SS9833B_Analysis_of_brain_imaging_data_Report_MANOVA_Sig.png (PNG copy)> <C:
/Users/Hao/Dropbox/NewtermPHD/TERM2/SS9833B Analysis of brain imaging data/Repo
rt/CS9869b_simulation/CliffordReport/1C__Users_Hao_Dropbox_NewtermPHD_TERM2_SS9
833B____s_of_brain_imaging_data_Report_MANOVA_Power.png (PNG copy)>]
<4C__Users_Hao_Dropbox_NewtermPHD_TERM2_SS9833B____in_imaging_data_Report_MANOV
A_PCA_Variation.png, id=74, 421.575pt x 316.18124pt>
File: 4C__Users_Hao_Dropbox_NewtermPHD_TERM2_SS9833B____in_imaging_data_Report_
MANOVA_PCA_Variation.png Graphic file (type png)

<use 4C__Users_Hao_Dropbox_NewtermPHD_TERM2_SS9833B____in_imaging_data_Report_M
ANOVA_PCA_Variation.png>
Package pdftex.def Info: 4C__Users_Hao_Dropbox_NewtermPHD_TERM2_SS9833B____in_i
maging_data_Report_MANOVA_PCA_Variation.png used on input line 311.
(pdftex.def)             Requested size: 231.86696pt x 173.9002pt.

<5C__Users_Hao_Dropbox_NewtermPHD_TERM2_SS9833B_____imaging_data_Report_MANOVA_
dist_regressor1.png, id=77, 421.575pt x 316.18124pt>
File: 5C__Users_Hao_Dropbox_NewtermPHD_TERM2_SS9833B_____imaging_data_Report_MA
NOVA_dist_regressor1.png Graphic file (type png)

<use 5C__Users_Hao_Dropbox_NewtermPHD_TERM2_SS9833B_____imaging_data_Report_MAN
OVA_dist_regressor1.png>
Package pdftex.def Info: 5C__Users_Hao_Dropbox_NewtermPHD_TERM2_SS9833B_____ima
ging_data_Report_MANOVA_dist_regressor1.png used on input line 336.
(pdftex.def)             Requested size: 231.86696pt x 173.9002pt.

<6C__Users_Hao_Dropbox_NewtermPHD_TERM2_SS9833B_____imaging_data_Report_MANOVA_
dist_regressor3.png, id=78, 421.575pt x 316.18124pt>
File: 6C__Users_Hao_Dropbox_NewtermPHD_TERM2_SS9833B_____imaging_data_Report_MA
NOVA_dist_regressor3.png Graphic file (type png)

<use 6C__Users_Hao_Dropbox_NewtermPHD_TERM2_SS9833B_____imaging_data_Report_MAN
OVA_dist_regressor3.png>
Package pdftex.def Info: 6C__Users_Hao_Dropbox_NewtermPHD_TERM2_SS9833B_____ima
ging_data_Report_MANOVA_dist_regressor3.png used on input line 336.
(pdftex.def)             Requested size: 231.86696pt x 173.9002pt.
[4 <C:/Users/Hao/Dropbox/NewtermPHD/TERM2/SS9833B Analysis of brain imaging dat
a/Report/CS9869b_simulation/CliffordReport/2C__Users_Hao_Dropbox_NewtermPHD_TER
M2_SS9833B____of_brain_imaging_data_Report_MANOVA_PCA_Sig.png (PNG copy)> <C:/U
sers/Hao/Dropbox/NewtermPHD/TERM2/SS9833B Analysis of brain imaging data/Report
/CS9869b_simulation/CliffordReport/3C__Users_Hao_Dropbox_NewtermPHD_TERM2_SS983
3B_____brain_imaging_data_Report_MANOVA_PCA_Power.png (PNG copy)> <C:/Users/Hao
/Dropbox/NewtermPHD/TERM2/SS9833B Analysis of brain imaging data/Report/CS9869b
_simulation/CliffordReport/4C__Users_Hao_Dropbox_NewtermPHD_TERM2_SS9833B____in
_imaging_data_Report_MANOVA_PCA_Variation.png (PNG copy)>]
<"C:/Users/Hao/Dropbox/NewtermPHD/TERM2/SS9833B Analysis of brain imaging data/
Report/"/7C__Users_Hao_Dropbox_NewtermPHD_TERM2_SS9833B____maging_data_Report_C
VMANOVA_dist_regressor1.png, id=88, 421.575pt x 316.18124pt>
File: "C:/Users/Hao/Dropbox/NewtermPHD/TERM2/SS9833B Analysis of brain imaging 
data/Report/"/7C__Users_Hao_Dropbox_NewtermPHD_TERM2_SS9833B____maging_data_Rep
ort_CVMANOVA_dist_regressor1.png Graphic file (type png)

<use "C:/Users/Hao/Dropbox/NewtermPHD/TERM2/SS9833B Analysis of brain imaging d
ata/Report/"/7C__Users_Hao_Dropbox_NewtermPHD_TERM2_SS9833B____maging_data_Repo
rt_CVMANOVA_dist_regressor1.png>
Package pdftex.def Info: "C:/Users/Hao/Dropbox/NewtermPHD/TERM2/SS9833B Analysi
s of brain imaging data/Report/"/7C__Users_Hao_Dropbox_NewtermPHD_TERM2_SS9833B
____maging_data_Report_CVMANOVA_dist_regressor1.png used on input line 347.
(pdftex.def)             Requested size: 231.86696pt x 173.9002pt.

<"C:/Users/Hao/Dropbox/NewtermPHD/TERM2/SS9833B Analysis of brain imaging data/
Report/"/8C__Users_Hao_Dropbox_NewtermPHD_TERM2_SS9833B____maging_data_Report_C
VMANOVA_dist_regressor3.png, id=89, 421.575pt x 316.18124pt>
File: "C:/Users/Hao/Dropbox/NewtermPHD/TERM2/SS9833B Analysis of brain imaging 
data/Report/"/8C__Users_Hao_Dropbox_NewtermPHD_TERM2_SS9833B____maging_data_Rep
ort_CVMANOVA_dist_regressor3.png Graphic file (type png)

<use "C:/Users/Hao/Dropbox/NewtermPHD/TERM2/SS9833B Analysis of brain imaging d
ata/Report/"/8C__Users_Hao_Dropbox_NewtermPHD_TERM2_SS9833B____maging_data_Repo
rt_CVMANOVA_dist_regressor3.png>
Package pdftex.def Info: "C:/Users/Hao/Dropbox/NewtermPHD/TERM2/SS9833B Analysi
s of brain imaging data/Report/"/8C__Users_Hao_Dropbox_NewtermPHD_TERM2_SS9833B
____maging_data_Report_CVMANOVA_dist_regressor3.png used on input line 347.
(pdftex.def)             Requested size: 231.86696pt x 173.9002pt.

<"C:/Users/Hao/Dropbox/NewtermPHD/TERM2/SS9833B Analysis of brain imaging data/
Report/"/9C__Users_Hao_Dropbox_NewtermPHD_TERM2_SS9833B____imaging_data_Report_
MANOVA_power_regressor1.png, id=92, 421.575pt x 316.18124pt>
File: "C:/Users/Hao/Dropbox/NewtermPHD/TERM2/SS9833B Analysis of brain imaging 
data/Report/"/9C__Users_Hao_Dropbox_NewtermPHD_TERM2_SS9833B____imaging_data_Re
port_MANOVA_power_regressor1.png Graphic file (type png)

<use "C:/Users/Hao/Dropbox/NewtermPHD/TERM2/SS9833B Analysis of brain imaging d
ata/Report/"/9C__Users_Hao_Dropbox_NewtermPHD_TERM2_SS9833B____imaging_data_Rep
ort_MANOVA_power_regressor1.png>
Package pdftex.def Info: "C:/Users/Hao/Dropbox/NewtermPHD/TERM2/SS9833B Analysi
s of brain imaging data/Report/"/9C__Users_Hao_Dropbox_NewtermPHD_TERM2_SS9833B
____imaging_data_Report_MANOVA_power_regressor1.png used on input line 367.
(pdftex.def)             Requested size: 231.86696pt x 173.9002pt.

<"C:/Users/Hao/Dropbox/NewtermPHD/TERM2/SS9833B Analysis of brain imaging data/
Report/"/10C__Users_Hao_Dropbox_NewtermPHD_TERM2_SS9833B___imaging_data_Report_
MANOVA_power_regressor3.png, id=93, 421.575pt x 309.40594pt>
File: "C:/Users/Hao/Dropbox/NewtermPHD/TERM2/SS9833B Analysis of brain imaging 
data/Report/"/10C__Users_Hao_Dropbox_NewtermPHD_TERM2_SS9833B___imaging_data_Re
port_MANOVA_power_regressor3.png Graphic file (type png)

<use "C:/Users/Hao/Dropbox/NewtermPHD/TERM2/SS9833B Analysis of brain imaging d
ata/Report/"/10C__Users_Hao_Dropbox_NewtermPHD_TERM2_SS9833B___imaging_data_Rep
ort_MANOVA_power_regressor3.png>
Package pdftex.def Info: "C:/Users/Hao/Dropbox/NewtermPHD/TERM2/SS9833B Analysi
s of brain imaging data/Report/"/10C__Users_Hao_Dropbox_NewtermPHD_TERM2_SS9833
B___imaging_data_Report_MANOVA_power_regressor3.png used on input line 367.
(pdftex.def)             Requested size: 231.86696pt x 170.17378pt.
[5 <C:/Users/Hao/Dropbox/NewtermPHD/TERM2/SS9833B Analysis of brain imaging dat
a/Report/CS9869b_simulation/CliffordReport/5C__Users_Hao_Dropbox_NewtermPHD_TER
M2_SS9833B_____imaging_data_Report_MANOVA_dist_regressor1.png (PNG copy)> <C:/U
sers/Hao/Dropbox/NewtermPHD/TERM2/SS9833B Analysis of brain imaging data/Report
/CS9869b_simulation/CliffordReport/6C__Users_Hao_Dropbox_NewtermPHD_TERM2_SS983
3B_____imaging_data_Report_MANOVA_dist_regressor3.png (PNG copy)> <C:/Users/Hao
/Dropbox/NewtermPHD/TERM2/SS9833B Analysis of brain imaging data/Report//7C__Us
ers_Hao_Dropbox_NewtermPHD_TERM2_SS9833B____maging_data_Report_CVMANOVA_dist_re
gressor1.png (PNG copy)> <C:/Users/Hao/Dropbox/NewtermPHD/TERM2/SS9833B Analysi
s of brain imaging data/Report//8C__Users_Hao_Dropbox_NewtermPHD_TERM2_SS9833B_
___maging_data_Report_CVMANOVA_dist_regressor3.png (PNG copy)>]
<11C__Users_Hao_Dropbox_NewtermPHD_TERM2_SS9833B___aging_data_Report_CVMANOVA_p
ower_regressor1.png, id=105, 421.575pt x 316.18124pt>
File: 11C__Users_Hao_Dropbox_NewtermPHD_TERM2_SS9833B___aging_data_Report_CVMAN
OVA_power_regressor1.png Graphic file (type png)

<use 11C__Users_Hao_Dropbox_NewtermPHD_TERM2_SS9833B___aging_data_Report_CVMANO
VA_power_regressor1.png>
Package pdftex.def Info: 11C__Users_Hao_Dropbox_NewtermPHD_TERM2_SS9833B___agin
g_data_Report_CVMANOVA_power_regressor1.png used on input line 376.
(pdftex.def)             Requested size: 231.86696pt x 173.9002pt.

<12C__Users_Hao_Dropbox_NewtermPHD_TERM2_SS9833B___aging_data_Report_CVMANOVA_p
ower_regressor3.png, id=106, 421.575pt x 316.18124pt>
File: 12C__Users_Hao_Dropbox_NewtermPHD_TERM2_SS9833B___aging_data_Report_CVMAN
OVA_power_regressor3.png Graphic file (type png)

<use 12C__Users_Hao_Dropbox_NewtermPHD_TERM2_SS9833B___aging_data_Report_CVMANO
VA_power_regressor3.png>
Package pdftex.def Info: 12C__Users_Hao_Dropbox_NewtermPHD_TERM2_SS9833B___agin
g_data_Report_CVMANOVA_power_regressor3.png used on input line 376.
(pdftex.def)             Requested size: 231.86696pt x 173.9002pt.

("C:\Users\Hao\Dropbox\NewtermPHD\TERM2\SS9833B Analysis of brain imaging data\
Report\CS9869b_simulation\CliffordReport\Intro MANOVA and CVMANOVA - Copy.bbl")
Package atveryend Info: Empty hook `BeforeClearDocument' on input line 384.
[6 <C:/Users/Hao/Dropbox/NewtermPHD/TERM2/SS9833B Analysis of brain imaging dat
a/Report//9C__Users_Hao_Dropbox_NewtermPHD_TERM2_SS9833B____imaging_data_Report
_MANOVA_power_regressor1.png (PNG copy)> <C:/Users/Hao/Dropbox/NewtermPHD/TERM2
/SS9833B Analysis of brain imaging data/Report//10C__Users_Hao_Dropbox_NewtermP
HD_TERM2_SS9833B___imaging_data_Report_MANOVA_power_regressor3.png (PNG copy)> 
<C:/Users/Hao/Dropbox/NewtermPHD/TERM2/SS9833B Analysis of brain imaging data/R
eport/CS9869b_simulation/CliffordReport/11C__Users_Hao_Dropbox_NewtermPHD_TERM2
_SS9833B___aging_data_Report_CVMANOVA_power_regressor1.png (PNG copy)> <C:/User
s/Hao/Dropbox/NewtermPHD/TERM2/SS9833B Analysis of brain imaging data/Report/CS
9869b_simulation/CliffordReport/12C__Users_Hao_Dropbox_NewtermPHD_TERM2_SS9833B
___aging_data_Report_CVMANOVA_power_regressor3.png (PNG copy)>]
Package atveryend Info: Empty hook `AfterLastShipout' on input line 384.

("C:\Users\Hao\Dropbox\NewtermPHD\TERM2\SS9833B Analysis of brain imaging data\
Report\CS9869b_simulation\CliffordReport\Intro MANOVA and CVMANOVA - Copy.aux")
Package atveryend Info: Executing hook `AtVeryEndDocument' on input line 384.
Package atveryend Info: Empty hook `AtEndAfterFileList' on input line 384.

LaTeX Font Warning: Some font shapes were not available, defaults substituted.

 ) 
Here is how much of TeX's memory you used:
 9766 strings out of 495354
 147119 string characters out of 3183860
 245956 words of memory out of 3000000
 12703 multiletter control sequences out of 15000+200000
 40743 words of font info for 83 fonts, out of 3000000 for 9000
 14 hyphenation exceptions out of 8191
 44i,12n,42p,1407b,362s stack positions out of 5000i,500n,10000p,200000b,50000s
 <C:\CTEX\UserData\fonts\pk\ljfour\jknappen\ec\dpi600\tcrm0600.pk> <C:\CTEX\U
serData\fonts\pk\ljfour\jknappen\ec\dpi600\tcrm0800.pk><C:/CTEX/MiKTeX/fonts/ty
pe1/public/amsfonts/cm/cmbx10.pfb><C:/CTEX/MiKTeX/fonts/type1/public/amsfonts/c
m/cmbx12.pfb><C:/CTEX/MiKTeX/fonts/type1/public/amsfonts/cm/cmex10.pfb><C:/CTEX
/MiKTeX/fonts/type1/public/amsfonts/cm/cmmi10.pfb><C:/CTEX/MiKTeX/fonts/type1/p
ublic/amsfonts/cm/cmmi5.pfb><C:/CTEX/MiKTeX/fonts/type1/public/amsfonts/cm/cmmi
7.pfb><C:/CTEX/MiKTeX/fonts/type1/public/amsfonts/cm/cmmi8.pfb><C:/CTEX/MiKTeX/
fonts/type1/public/amsfonts/cm/cmmib10.pfb><C:/CTEX/MiKTeX/fonts/type1/public/a
msfonts/cm/cmr10.pfb><C:/CTEX/MiKTeX/fonts/type1/public/amsfonts/cm/cmr12.pfb><
C:/CTEX/MiKTeX/fonts/type1/public/amsfonts/cm/cmr17.pfb><C:/CTEX/MiKTeX/fonts/t
ype1/public/amsfonts/cm/cmr5.pfb><C:/CTEX/MiKTeX/fonts/type1/public/amsfonts/cm
/cmr7.pfb><C:/CTEX/MiKTeX/fonts/type1/public/amsfonts/cm/cmr8.pfb><C:/CTEX/MiKT
eX/fonts/type1/public/amsfonts/cm/cmsy10.pfb><C:/CTEX/MiKTeX/fonts/type1/public
/amsfonts/cm/cmsy5.pfb><C:/CTEX/MiKTeX/fonts/type1/public/amsfonts/cm/cmsy7.pfb
><C:/CTEX/MiKTeX/fonts/type1/public/amsfonts/cm/cmti10.pfb><C:/CTEX/MiKTeX/font
s/type1/public/amsfonts/cm/cmtt8.pfb>
Output written on "Intro MANOVA and CVMANOVA - Copy.pdf" (6 pages, 670645 bytes
).
PDF statistics:
 196 PDF objects out of 1000 (max. 8388607)
 46 named destinations out of 1000 (max. 500000)
 66 words of extra memory for PDF output out of 10000 (max. 10000000)

